Using pre-set license
Built from '2022.3/staging' branch; Version is '2022.3.16f1 (d2c21f0ef2f1) revision 13812255'; Using compiler version '192829333'; Build Type 'Release'
OS: 'Windows 10  (10.0.19045) 64bit Enterprise' Language: 'ru' Physical Memory: 32668 MB
BatchMode: 1, IsHumanControllingUs: 0, StartBugReporterOnCrash: 0, Is64bit: 1, IsPro: 1

COMMAND LINE ARGUMENTS:
B:\UnityHub\UnityEditor\2022.3.16f1\Editor\Unity.exe
-adb2
-batchMode
-noUpm
-name
AssetImportWorker3
-projectPath
B:/MyProjects/Game
-logFile
Logs/AssetImportWorker3.log
-srvPort
49861
Successfully changed project path to: B:/MyProjects/Game
B:/MyProjects/Game
[UnityMemory] Configuration Parameters - Can be set up in boot.config
    "memorysetup-bucket-allocator-granularity=16"
    "memorysetup-bucket-allocator-bucket-count=8"
    "memorysetup-bucket-allocator-block-size=33554432"
    "memorysetup-bucket-allocator-block-count=8"
    "memorysetup-main-allocator-block-size=16777216"
    "memorysetup-thread-allocator-block-size=16777216"
    "memorysetup-gfx-main-allocator-block-size=16777216"
    "memorysetup-gfx-thread-allocator-block-size=16777216"
    "memorysetup-cache-allocator-block-size=4194304"
    "memorysetup-typetree-allocator-block-size=2097152"
    "memorysetup-profiler-bucket-allocator-granularity=16"
    "memorysetup-profiler-bucket-allocator-bucket-count=8"
    "memorysetup-profiler-bucket-allocator-block-size=33554432"
    "memorysetup-profiler-bucket-allocator-block-count=8"
    "memorysetup-profiler-allocator-block-size=16777216"
    "memorysetup-profiler-editor-allocator-block-size=1048576"
    "memorysetup-temp-allocator-size-main=16777216"
    "memorysetup-job-temp-allocator-block-size=2097152"
    "memorysetup-job-temp-allocator-block-size-background=1048576"
    "memorysetup-job-temp-allocator-reduction-small-platforms=262144"
    "memorysetup-allocator-temp-initial-block-size-main=262144"
    "memorysetup-allocator-temp-initial-block-size-worker=262144"
    "memorysetup-temp-allocator-size-background-worker=32768"
    "memorysetup-temp-allocator-size-job-worker=262144"
    "memorysetup-temp-allocator-size-preload-manager=33554432"
    "memorysetup-temp-allocator-size-nav-mesh-worker=65536"
    "memorysetup-temp-allocator-size-audio-worker=65536"
    "memorysetup-temp-allocator-size-cloud-worker=32768"
    "memorysetup-temp-allocator-size-gi-baking-worker=262144"
    "memorysetup-temp-allocator-size-gfx=262144"
Player connection [10992] Host "[IP] 192.168.1.108 [Port] 0 [Flags] 2 [Guid] 173128067 [EditorId] 173128067 [Version] 1048832 [Id] WindowsEditor(7,HOME-PC) [Debug] 1 [PackageName] WindowsEditor [ProjectName] Editor" joined multi-casting on [225.0.0.222:54997]...

Player connection [10992] Host "[IP] 192.168.1.108 [Port] 0 [Flags] 2 [Guid] 173128067 [EditorId] 173128067 [Version] 1048832 [Id] WindowsEditor(7,HOME-PC) [Debug] 1 [PackageName] WindowsEditor [ProjectName] Editor" joined alternative multi-casting on [225.0.0.222:34997]...

[Physics::Module] Initialized MultithreadedJobDispatcher with 19 workers.
Refreshing native plugins compatible for Editor in 10.02 ms, found 4 plugins.
Preloading 0 native plugins for Editor in 0.00 ms.
Initialize engine version: 2022.3.16f1 (d2c21f0ef2f1)
[Subsystems] Discovering subsystems at path B:/UnityHub/UnityEditor/2022.3.16f1/Editor/Data/Resources/UnitySubsystems
[Subsystems] Discovering subsystems at path B:/MyProjects/Game/Assets
GfxDevice: creating device client; threaded=0; jobified=0
Direct3D:
    Version:  Direct3D 11.0 [level 11.1]
    Renderer: NVIDIA GeForce RTX 2060 (ID=0x1f08)
    Vendor:   NVIDIA
    VRAM:     5980 MB
    Driver:   31.0.15.1694
Initialize mono
Mono path[0] = 'B:/UnityHub/UnityEditor/2022.3.16f1/Editor/Data/Managed'
Mono path[1] = 'B:/UnityHub/UnityEditor/2022.3.16f1/Editor/Data/MonoBleedingEdge/lib/mono/unityjit-win32'
Mono config path = 'B:/UnityHub/UnityEditor/2022.3.16f1/Editor/Data/MonoBleedingEdge/etc'
Using monoOptions --debugger-agent=transport=dt_socket,embedding=1,server=y,suspend=n,address=127.0.0.1:56972
Begin MonoManager ReloadAssembly
Registering precompiled unity dll's ...
Register platform support module: B:/UnityHub/UnityEditor/2022.3.16f1/Editor/Data/PlaybackEngines/WindowsStandaloneSupport/UnityEditor.WindowsStandalone.Extensions.dll
Registered in 0.004277 seconds.
- Loaded All Assemblies, in  0.598 seconds
Native extension for WindowsStandalone target not found
Mono: successfully reloaded assembly
- Finished resetting the current domain, in  0.450 seconds
Domain Reload Profiling: 1048ms
	BeginReloadAssembly (156ms)
		ExecutionOrderSort (0ms)
		DisableScriptedObjects (0ms)
		BackupInstance (0ms)
		ReleaseScriptingObjects (0ms)
		CreateAndSetChildDomain (1ms)
	RebuildCommonClasses (48ms)
	RebuildNativeTypeToScriptingClass (24ms)
	initialDomainReloadingComplete (88ms)
	LoadAllAssembliesAndSetupDomain (282ms)
		LoadAssemblies (155ms)
		RebuildTransferFunctionScriptingTraits (0ms)
		AnalyzeDomain (279ms)
			TypeCache.Refresh (276ms)
				TypeCache.ScanAssembly (233ms)
			ScanForSourceGeneratedMonoScriptInfo (1ms)
			ResolveRequiredComponents (1ms)
	FinalizeReload (451ms)
		ReleaseScriptCaches (0ms)
		RebuildScriptCaches (0ms)
		SetupLoadedEditorAssemblies (357ms)
			LogAssemblyErrors (0ms)
			InitializePlatformSupportModulesInManaged (12ms)
			SetLoadedEditorAssemblies (15ms)
			RefreshPlugins (0ms)
			BeforeProcessingInitializeOnLoad (4ms)
			ProcessInitializeOnLoadAttributes (260ms)
			ProcessInitializeOnLoadMethodAttributes (66ms)
			AfterProcessingInitializeOnLoad (0ms)
			EditorAssembliesLoaded (0ms)
		ExecutionOrderSort2 (0ms)
		AwakeInstancesAfterBackupRestoration (0ms)
========================================================================
Worker process is ready to serve import requests
Begin MonoManager ReloadAssembly
- Loaded All Assemblies, in  1.340 seconds
Refreshing native plugins compatible for Editor in 5.44 ms, found 4 plugins.
Native extension for WindowsStandalone target not found
Package Manager log level set to [2]
[Package Manager] Server::EnsureServerProcessIsRunning -- launch failed, reason: Unity was launched with the -noUpm command-line argument
[Package Manager] UpmClient::Send -- Unable to send message (not connected to UPM process).
[Package Manager] Cannot connect to Unity Package Manager local server
Mono: successfully reloaded assembly
- Finished resetting the current domain, in  1.455 seconds
Domain Reload Profiling: 2793ms
	BeginReloadAssembly (260ms)
		ExecutionOrderSort (0ms)
		DisableScriptedObjects (8ms)
		BackupInstance (0ms)
		ReleaseScriptingObjects (0ms)
		CreateAndSetChildDomain (31ms)
	RebuildCommonClasses (78ms)
	RebuildNativeTypeToScriptingClass (28ms)
	initialDomainReloadingComplete (82ms)
	LoadAllAssembliesAndSetupDomain (890ms)
		LoadAssemblies (546ms)
		RebuildTransferFunctionScriptingTraits (0ms)
		AnalyzeDomain (496ms)
			TypeCache.Refresh (419ms)
				TypeCache.ScanAssembly (339ms)
			ScanForSourceGeneratedMonoScriptInfo (53ms)
			ResolveRequiredComponents (21ms)
	FinalizeReload (1455ms)
		ReleaseScriptCaches (0ms)
		RebuildScriptCaches (0ms)
		SetupLoadedEditorAssemblies (1139ms)
			LogAssemblyErrors (0ms)
			InitializePlatformSupportModulesInManaged (7ms)
			SetLoadedEditorAssemblies (10ms)
			RefreshPlugins (0ms)
			BeforeProcessingInitializeOnLoad (227ms)
			ProcessInitializeOnLoadAttributes (751ms)
			ProcessInitializeOnLoadMethodAttributes (140ms)
			AfterProcessingInitializeOnLoad (3ms)
			EditorAssembliesLoaded (0ms)
		ExecutionOrderSort2 (0ms)
		AwakeInstancesAfterBackupRestoration (7ms)
Launched and connected shader compiler UnityShaderCompiler.exe after 0.04 seconds
Refreshing native plugins compatible for Editor in 5.77 ms, found 4 plugins.
Preloading 0 native plugins for Editor in 0.00 ms.
Unloading 6007 Unused Serialized files (Serialized files now loaded: 0)
Unloading 122 unused Assets / (2.1 MB). Loaded Objects now: 6448.
Memory consumption went from 243.1 MB to 241.0 MB.
Total: 7.263900 ms (FindLiveObjects: 1.189500 ms CreateObjectMapping: 0.483100 ms MarkObjects: 4.638100 ms  DeleteObjects: 0.952200 ms)

AssetImportParameters requested are different than current active one (requested -> active):
  custom:container-demuxer-ogg: 62fdf1f143b41e24485cea50d1cbac27 -> 
  custom:video-decoder-ogg-theora: a1e56fd34408186e4bbccfd4996cb3dc -> 
  custom:framework-win-MediaFoundation: 216162199b28c13a410421893ffa2e32 -> 
  custom:CustomObjectIndexerAttribute: 39606d92bcf39ac9cd6fca1116091104 -> 
  custom:container-demuxer-webm: 4f35f7cbe854078d1ac9338744f61a02 -> 
  custom:container-muxer-webm: aa71ff27fc2769a1b78a27578f13a17b -> 
  custom:video-decoder-webm-vp8: 9c59270c3fd7afecdb556c50c9e8de78 -> 
  custom:SearchIndexIgnoredProperties: e643bd26f0fe6173181afceb89e7c659 -> 
  custom:AudioImporter_EditorPlatform: d09bf68614088b80899f8185d706f6e7 -> 
  custom:video-encoder-webm-vp8: eb34c28f22e8b96e1ab97ce403110664 -> 
  custom:audio-decoder-ogg-vorbis: bf7c407c2cedff20999df2af8eb42d56 -> 
  custom:audio-encoder-webm-vorbis: bf7c407c2cedff20999df2af8eb42d56 -> 
========================================================================
Received Import Request.
  Time since last request: 2299.738789 seconds.
  path: Assets/Pallete/Tiles/ForestTileMap_7.asset
  artifactKey: Guid(eb820c49619b29a499282cc4204db467) Importer(815301076,1909f56bfc062723c751e8b465ee728b)
Start importing Assets/Pallete/Tiles/ForestTileMap_7.asset using Guid(eb820c49619b29a499282cc4204db467) Importer(815301076,1909f56bfc062723c751e8b465ee728b)  -> (artifact id: '910186e61baf129dbe350c5c076935b5') in 0.174759 seconds
Number of updated asset objects reloaded before import = 0
Number of asset objects unloaded after import = 3
========================================================================
Received Import Request.
  Time since last request: 0.000030 seconds.
  path: Assets/Pallete/Tiles/ForestTileMap_19.asset
  artifactKey: Guid(786cfe0e34e3e1043842bbb82220e1dc) Importer(815301076,1909f56bfc062723c751e8b465ee728b)
Start importing Assets/Pallete/Tiles/ForestTileMap_19.asset using Guid(786cfe0e34e3e1043842bbb82220e1dc) Importer(815301076,1909f56bfc062723c751e8b465ee728b)  -> (artifact id: '509f371fc97519be1672a49c0d5b73aa') in 0.023439 seconds
Number of updated asset objects reloaded before import = 0
Number of asset objects unloaded after import = 3
========================================================================
Received Import Request.
  Time since last request: 0.000043 seconds.
  path: Assets/Pallete/Tiles/ForestTileMap_31.asset
  artifactKey: Guid(4363e9e2558ec264b9ac49126fc41987) Importer(815301076,1909f56bfc062723c751e8b465ee728b)
Start importing Assets/Pallete/Tiles/ForestTileMap_31.asset using Guid(4363e9e2558ec264b9ac49126fc41987) Importer(815301076,1909f56bfc062723c751e8b465ee728b)  -> (artifact id: '7979c11875988b38d07d0f322e8e2643') in 0.022107 seconds
Number of updated asset objects reloaded before import = 0
Number of asset objects unloaded after import = 3
========================================================================
Received Import Request.
  Time since last request: 0.000024 seconds.
  path: Assets/Pallete/Tiles/ForestTileMap_34.asset
  artifactKey: Guid(68f78c3a19611a14b91953b039ba4449) Importer(815301076,1909f56bfc062723c751e8b465ee728b)
Start importing Assets/Pallete/Tiles/ForestTileMap_34.asset using Guid(68f78c3a19611a14b91953b039ba4449) Importer(815301076,1909f56bfc062723c751e8b465ee728b)  -> (artifact id: 'c8140b590a183cac85bc8db6d3bc5015') in 0.023834 seconds
Number of updated asset objects reloaded before import = 0
Number of asset objects unloaded after import = 3
========================================================================
Received Import Request.
  Time since last request: 0.000032 seconds.
  path: Assets/Pallete/Tiles/ForestTileMap_12.asset
  artifactKey: Guid(3bd5fc69863c15741bbd9a04ef35c356) Importer(815301076,1909f56bfc062723c751e8b465ee728b)
Start importing Assets/Pallete/Tiles/ForestTileMap_12.asset using Guid(3bd5fc69863c15741bbd9a04ef35c356) Importer(815301076,1909f56bfc062723c751e8b465ee728b)  -> (artifact id: '314af67c855c8ce97e9eb4b6a061e789') in 0.026321 seconds
Number of updated asset objects reloaded before import = 0
Number of asset objects unloaded after import = 3
========================================================================
Received Import Request.
  Time since last request: 0.000032 seconds.
  path: Assets/Pallete/Tiles/ForestTileMap_21.asset
  artifactKey: Guid(0f1e26fae3e0bcb48b23e74334dc88dc) Importer(815301076,1909f56bfc062723c751e8b465ee728b)
Start importing Assets/Pallete/Tiles/ForestTileMap_21.asset using Guid(0f1e26fae3e0bcb48b23e74334dc88dc) Importer(815301076,1909f56bfc062723c751e8b465ee728b)  -> (artifact id: '4570453b2fdff88e6f2f84db4205a5a9') in 0.023804 seconds
Number of updated asset objects reloaded before import = 0
Number of asset objects unloaded after import = 3
========================================================================
Received Import Request.
  Time since last request: 0.000024 seconds.
  path: Assets/Pallete/Tiles/ForestTileMap_36.asset
  artifactKey: Guid(ec11a36887411944ba4e9e97baf038be) Importer(815301076,1909f56bfc062723c751e8b465ee728b)
Start importing Assets/Pallete/Tiles/ForestTileMap_36.asset using Guid(ec11a36887411944ba4e9e97baf038be) Importer(815301076,1909f56bfc062723c751e8b465ee728b)  -> (artifact id: 'e64ac501e4d34b492af45a7438c6af7a') in 0.021316 seconds
Number of updated asset objects reloaded before import = 0
Number of asset objects unloaded after import = 3
========================================================================
Received Import Request.
  Time since last request: 0.000023 seconds.
  path: Assets/Pallete/Tiles/ForestTileMap_24.asset
  artifactKey: Guid(f6cf07854a541894a9b158f937244901) Importer(815301076,1909f56bfc062723c751e8b465ee728b)
Start importing Assets/Pallete/Tiles/ForestTileMap_24.asset using Guid(f6cf07854a541894a9b158f937244901) Importer(815301076,1909f56bfc062723c751e8b465ee728b)  -> (artifact id: 'c73b5aa6f8406492a49b53dbdc529a0a') in 0.024874 seconds
Number of updated asset objects reloaded before import = 0
Number of asset objects unloaded after import = 3
========================================================================
Received Import Request.
  Time since last request: 0.000029 seconds.
  path: Assets/Pallete/Tiles/ForestTileMap_25.asset
  artifactKey: Guid(9106e54f9efb59a4eb354ed9317b49c3) Importer(815301076,1909f56bfc062723c751e8b465ee728b)
Start importing Assets/Pallete/Tiles/ForestTileMap_25.asset using Guid(9106e54f9efb59a4eb354ed9317b49c3) Importer(815301076,1909f56bfc062723c751e8b465ee728b)  -> (artifact id: '5b4a24e10a40700adc32cf1be6a65dd5') in 0.026018 seconds
Number of updated asset objects reloaded before import = 0
Number of asset objects unloaded after import = 3
========================================================================
Received Import Request.
  Time since last request: 0.000021 seconds.
  path: Assets/Pallete/Tiles/ForestTileMap_8.asset
  artifactKey: Guid(6b4657231085eda498c1452c57d85dbc) Importer(815301076,1909f56bfc062723c751e8b465ee728b)
Start importing Assets/Pallete/Tiles/ForestTileMap_8.asset using Guid(6b4657231085eda498c1452c57d85dbc) Importer(815301076,1909f56bfc062723c751e8b465ee728b)  -> (artifact id: '71dd7ee69e36b08bb0d7196bc36ff856') in 0.022591 seconds
Number of updated asset objects reloaded before import = 0
Number of asset objects unloaded after import = 3
========================================================================
Received Import Request.
  Time since last request: 0.000051 seconds.
  path: Assets/Pallete/Tiles/ForestTileMap_9.asset
  artifactKey: Guid(7fe0bf7481749bf499d22fa6f90a35b7) Importer(815301076,1909f56bfc062723c751e8b465ee728b)
Start importing Assets/Pallete/Tiles/ForestTileMap_9.asset using Guid(7fe0bf7481749bf499d22fa6f90a35b7) Importer(815301076,1909f56bfc062723c751e8b465ee728b)  -> (artifact id: '070727a54fb25833ffb084b25ba87244') in 0.024211 seconds
Number of updated asset objects reloaded before import = 0
Number of asset objects unloaded after import = 3
========================================================================
Received Import Request.
  Time since last request: 0.000026 seconds.
  path: Assets/Pallete/Tiles/ForestTileMap_29.asset
  artifactKey: Guid(0b488bf810cb4854993d9f022329b3f0) Importer(815301076,1909f56bfc062723c751e8b465ee728b)
Start importing Assets/Pallete/Tiles/ForestTileMap_29.asset using Guid(0b488bf810cb4854993d9f022329b3f0) Importer(815301076,1909f56bfc062723c751e8b465ee728b)  -> (artifact id: '716338cdff75de9608ee007936e3714a') in 0.025199 seconds
Number of updated asset objects reloaded before import = 0
Number of asset objects unloaded after import = 3
========================================================================
Received Import Request.
  Time since last request: 0.000019 seconds.
  path: Assets/Pallete/Tiles/ForestTileMap_47.asset
  artifactKey: Guid(5ec4e25785b721c4d87c4d4d5c89ee48) Importer(815301076,1909f56bfc062723c751e8b465ee728b)
Start importing Assets/Pallete/Tiles/ForestTileMap_47.asset using Guid(5ec4e25785b721c4d87c4d4d5c89ee48) Importer(815301076,1909f56bfc062723c751e8b465ee728b)  -> (artifact id: 'f294ea42df1b37acb953671d5943bd61') in 0.022422 seconds
Number of updated asset objects reloaded before import = 0
Number of asset objects unloaded after import = 3
========================================================================
Received Import Request.
  Time since last request: 0.000029 seconds.
  path: Assets/Pallete/Tiles/ForestTileMap_14.asset
  artifactKey: Guid(288584f4077e3034f8558de83efb825d) Importer(815301076,1909f56bfc062723c751e8b465ee728b)
Start importing Assets/Pallete/Tiles/ForestTileMap_14.asset using Guid(288584f4077e3034f8558de83efb825d) Importer(815301076,1909f56bfc062723c751e8b465ee728b)  -> (artifact id: '8aa251e687764c3ef9cf22760801990b') in 0.024307 seconds
Number of updated asset objects reloaded before import = 0
Number of asset objects unloaded after import = 3
Editor requested this worker to shutdown with reason: Scaling down because of idle timeout
TcpMessagingSession - receive error: operation aborted. errorcode: 995, details: ќпераци€ ввода/вывода была прервана из-за завершени€ потока команд или по запросу приложени€.
AssetImportWorker is now disconnected from the server
Process exiting
Exiting without the bug reporter. Application will terminate with return code 0