Using pre-set license
Built from '2022.3/staging' branch; Version is '2022.3.16f1 (d2c21f0ef2f1) revision 13812255'; Using compiler version '192829333'; Build Type 'Release'
OS: 'Windows 10  (10.0.19045) 64bit Enterprise' Language: 'ru' Physical Memory: 32668 MB
BatchMode: 1, IsHumanControllingUs: 0, StartBugReporterOnCrash: 0, Is64bit: 1, IsPro: 1

COMMAND LINE ARGUMENTS:
B:\UnityHub\UnityEditor\2022.3.16f1\Editor\Unity.exe
-adb2
-batchMode
-noUpm
-name
AssetImportWorker5
-projectPath
B:/MyProjects/Game
-logFile
Logs/AssetImportWorker5.log
-srvPort
49861
Successfully changed project path to: B:/MyProjects/Game
B:/MyProjects/Game
[UnityMemory] Configuration Parameters - Can be set up in boot.config
    "memorysetup-bucket-allocator-granularity=16"
    "memorysetup-bucket-allocator-bucket-count=8"
    "memorysetup-bucket-allocator-block-size=33554432"
    "memorysetup-bucket-allocator-block-count=8"
    "memorysetup-main-allocator-block-size=16777216"
    "memorysetup-thread-allocator-block-size=16777216"
    "memorysetup-gfx-main-allocator-block-size=16777216"
    "memorysetup-gfx-thread-allocator-block-size=16777216"
    "memorysetup-cache-allocator-block-size=4194304"
    "memorysetup-typetree-allocator-block-size=2097152"
    "memorysetup-profiler-bucket-allocator-granularity=16"
    "memorysetup-profiler-bucket-allocator-bucket-count=8"
    "memorysetup-profiler-bucket-allocator-block-size=33554432"
    "memorysetup-profiler-bucket-allocator-block-count=8"
    "memorysetup-profiler-allocator-block-size=16777216"
    "memorysetup-profiler-editor-allocator-block-size=1048576"
    "memorysetup-temp-allocator-size-main=16777216"
    "memorysetup-job-temp-allocator-block-size=2097152"
    "memorysetup-job-temp-allocator-block-size-background=1048576"
    "memorysetup-job-temp-allocator-reduction-small-platforms=262144"
    "memorysetup-allocator-temp-initial-block-size-main=262144"
    "memorysetup-allocator-temp-initial-block-size-worker=262144"
    "memorysetup-temp-allocator-size-background-worker=32768"
    "memorysetup-temp-allocator-size-job-worker=262144"
    "memorysetup-temp-allocator-size-preload-manager=33554432"
    "memorysetup-temp-allocator-size-nav-mesh-worker=65536"
    "memorysetup-temp-allocator-size-audio-worker=65536"
    "memorysetup-temp-allocator-size-cloud-worker=32768"
    "memorysetup-temp-allocator-size-gi-baking-worker=262144"
    "memorysetup-temp-allocator-size-gfx=262144"
Player connection [11440] Host "[IP] 192.168.1.108 [Port] 0 [Flags] 2 [Guid] 486006329 [EditorId] 486006329 [Version] 1048832 [Id] WindowsEditor(7,HOME-PC) [Debug] 1 [PackageName] WindowsEditor [ProjectName] Editor" joined multi-casting on [225.0.0.222:54997]...

Player connection [11440] Host "[IP] 192.168.1.108 [Port] 0 [Flags] 2 [Guid] 486006329 [EditorId] 486006329 [Version] 1048832 [Id] WindowsEditor(7,HOME-PC) [Debug] 1 [PackageName] WindowsEditor [ProjectName] Editor" joined alternative multi-casting on [225.0.0.222:34997]...

[Physics::Module] Initialized MultithreadedJobDispatcher with 19 workers.
Refreshing native plugins compatible for Editor in 2619.93 ms, found 4 plugins.
Preloading 0 native plugins for Editor in 0.00 ms.
Initialize engine version: 2022.3.16f1 (d2c21f0ef2f1)
[Subsystems] Discovering subsystems at path B:/UnityHub/UnityEditor/2022.3.16f1/Editor/Data/Resources/UnitySubsystems
[Subsystems] Discovering subsystems at path B:/MyProjects/Game/Assets
GfxDevice: creating device client; threaded=0; jobified=0
Direct3D:
    Version:  Direct3D 11.0 [level 11.1]
    Renderer: NVIDIA GeForce RTX 2060 (ID=0x1f08)
    Vendor:   NVIDIA
    VRAM:     5980 MB
    Driver:   31.0.15.1694
Initialize mono
Mono path[0] = 'B:/UnityHub/UnityEditor/2022.3.16f1/Editor/Data/Managed'
Mono path[1] = 'B:/UnityHub/UnityEditor/2022.3.16f1/Editor/Data/MonoBleedingEdge/lib/mono/unityjit-win32'
Mono config path = 'B:/UnityHub/UnityEditor/2022.3.16f1/Editor/Data/MonoBleedingEdge/etc'
Using monoOptions --debugger-agent=transport=dt_socket,embedding=1,server=y,suspend=n,address=127.0.0.1:56348
Begin MonoManager ReloadAssembly
Registering precompiled unity dll's ...
Register platform support module: B:/UnityHub/UnityEditor/2022.3.16f1/Editor/Data/PlaybackEngines/WindowsStandaloneSupport/UnityEditor.WindowsStandalone.Extensions.dll
Registered in 0.195195 seconds.
- Loaded All Assemblies, in  9.546 seconds
Native extension for WindowsStandalone target not found
Mono: successfully reloaded assembly
- Finished resetting the current domain, in  0.515 seconds
Domain Reload Profiling: 10062ms
	BeginReloadAssembly (6849ms)
		ExecutionOrderSort (0ms)
		DisableScriptedObjects (0ms)
		BackupInstance (0ms)
		ReleaseScriptingObjects (0ms)
		CreateAndSetChildDomain (1ms)
	RebuildCommonClasses (560ms)
	RebuildNativeTypeToScriptingClass (15ms)
	initialDomainReloadingComplete (267ms)
	LoadAllAssembliesAndSetupDomain (1855ms)
		LoadAssemblies (6848ms)
		RebuildTransferFunctionScriptingTraits (0ms)
		AnalyzeDomain (1852ms)
			TypeCache.Refresh (1850ms)
				TypeCache.ScanAssembly (1317ms)
			ScanForSourceGeneratedMonoScriptInfo (1ms)
			ResolveRequiredComponents (1ms)
	FinalizeReload (516ms)
		ReleaseScriptCaches (0ms)
		RebuildScriptCaches (0ms)
		SetupLoadedEditorAssemblies (403ms)
			LogAssemblyErrors (0ms)
			InitializePlatformSupportModulesInManaged (15ms)
			SetLoadedEditorAssemblies (14ms)
			RefreshPlugins (0ms)
			BeforeProcessingInitializeOnLoad (5ms)
			ProcessInitializeOnLoadAttributes (280ms)
			ProcessInitializeOnLoadMethodAttributes (89ms)
			AfterProcessingInitializeOnLoad (0ms)
			EditorAssembliesLoaded (0ms)
		ExecutionOrderSort2 (0ms)
		AwakeInstancesAfterBackupRestoration (0ms)
========================================================================
Worker process is ready to serve import requests
Begin MonoManager ReloadAssembly
- Loaded All Assemblies, in 14.006 seconds
Refreshing native plugins compatible for Editor in 5.43 ms, found 4 plugins.
Native extension for WindowsStandalone target not found
Package Manager log level set to [2]
[Package Manager] Server::EnsureServerProcessIsRunning -- launch failed, reason: Unity was launched with the -noUpm command-line argument
[Package Manager] UpmClient::Send -- Unable to send message (not connected to UPM process).
[Package Manager] Cannot connect to Unity Package Manager local server
Mono: successfully reloaded assembly
- Finished resetting the current domain, in  1.398 seconds
Domain Reload Profiling: 15404ms
	BeginReloadAssembly (245ms)
		ExecutionOrderSort (0ms)
		DisableScriptedObjects (10ms)
		BackupInstance (0ms)
		ReleaseScriptingObjects (0ms)
		CreateAndSetChildDomain (31ms)
	RebuildCommonClasses (66ms)
	RebuildNativeTypeToScriptingClass (20ms)
	initialDomainReloadingComplete (67ms)
	LoadAllAssembliesAndSetupDomain (13607ms)
		LoadAssemblies (12915ms)
		RebuildTransferFunctionScriptingTraits (0ms)
		AnalyzeDomain (839ms)
			TypeCache.Refresh (742ms)
				TypeCache.ScanAssembly (628ms)
			ScanForSourceGeneratedMonoScriptInfo (66ms)
			ResolveRequiredComponents (27ms)
	FinalizeReload (1399ms)
		ReleaseScriptCaches (0ms)
		RebuildScriptCaches (0ms)
		SetupLoadedEditorAssemblies (1117ms)
			LogAssemblyErrors (0ms)
			InitializePlatformSupportModulesInManaged (7ms)
			SetLoadedEditorAssemblies (10ms)
			RefreshPlugins (0ms)
			BeforeProcessingInitializeOnLoad (228ms)
			ProcessInitializeOnLoadAttributes (739ms)
			ProcessInitializeOnLoadMethodAttributes (129ms)
			AfterProcessingInitializeOnLoad (3ms)
			EditorAssembliesLoaded (0ms)
		ExecutionOrderSort2 (0ms)
		AwakeInstancesAfterBackupRestoration (7ms)
Launched and connected shader compiler UnityShaderCompiler.exe after 0.08 seconds
Refreshing native plugins compatible for Editor in 4.30 ms, found 4 plugins.
Preloading 0 native plugins for Editor in 0.00 ms.
Unloading 6007 Unused Serialized files (Serialized files now loaded: 0)
Unloading 122 unused Assets / (2.1 MB). Loaded Objects now: 6448.
Memory consumption went from 243.0 MB to 240.9 MB.
Total: 7.448400 ms (FindLiveObjects: 1.290800 ms CreateObjectMapping: 0.437400 ms MarkObjects: 4.673600 ms  DeleteObjects: 1.045300 ms)

AssetImportParameters requested are different than current active one (requested -> active):
  custom:container-demuxer-ogg: 62fdf1f143b41e24485cea50d1cbac27 -> 
  custom:video-decoder-ogg-theora: a1e56fd34408186e4bbccfd4996cb3dc -> 
  custom:framework-win-MediaFoundation: 216162199b28c13a410421893ffa2e32 -> 
  custom:CustomObjectIndexerAttribute: 39606d92bcf39ac9cd6fca1116091104 -> 
  custom:container-demuxer-webm: 4f35f7cbe854078d1ac9338744f61a02 -> 
  custom:container-muxer-webm: aa71ff27fc2769a1b78a27578f13a17b -> 
  custom:video-decoder-webm-vp8: 9c59270c3fd7afecdb556c50c9e8de78 -> 
  custom:SearchIndexIgnoredProperties: e643bd26f0fe6173181afceb89e7c659 -> 
  custom:AudioImporter_EditorPlatform: d09bf68614088b80899f8185d706f6e7 -> 
  custom:video-encoder-webm-vp8: eb34c28f22e8b96e1ab97ce403110664 -> 
  custom:audio-decoder-ogg-vorbis: bf7c407c2cedff20999df2af8eb42d56 -> 
  custom:audio-encoder-webm-vorbis: bf7c407c2cedff20999df2af8eb42d56 -> 
========================================================================
Received Import Request.
  Time since last request: 2668.808927 seconds.
  path: Assets/Pallete/Tiles/ForestTileMap_7.asset
  artifactKey: Guid(eb820c49619b29a499282cc4204db467) Importer(815301076,1909f56bfc062723c751e8b465ee728b)
Start importing Assets/Pallete/Tiles/ForestTileMap_7.asset using Guid(eb820c49619b29a499282cc4204db467) Importer(815301076,1909f56bfc062723c751e8b465ee728b)  -> (artifact id: 'a5819db4867ec5b2f2259e64eb93da3a') in 0.187693 seconds
Number of updated asset objects reloaded before import = 0
Number of asset objects unloaded after import = 3
========================================================================
Received Import Request.
  Time since last request: 0.000024 seconds.
  path: Assets/Pallete/Tiles/ForestTileMap_10.asset
  artifactKey: Guid(f51da1ab41e18cf47add97c88849a565) Importer(815301076,1909f56bfc062723c751e8b465ee728b)
Start importing Assets/Pallete/Tiles/ForestTileMap_10.asset using Guid(f51da1ab41e18cf47add97c88849a565) Importer(815301076,1909f56bfc062723c751e8b465ee728b)  -> (artifact id: 'da8a9edf92a199688cbfe20235010ebe') in 0.023533 seconds
Number of updated asset objects reloaded before import = 0
Number of asset objects unloaded after import = 3
========================================================================
Received Import Request.
  Time since last request: 0.000038 seconds.
  path: Assets/Pallete/Tiles/ForestTileMap_31.asset
  artifactKey: Guid(4363e9e2558ec264b9ac49126fc41987) Importer(815301076,1909f56bfc062723c751e8b465ee728b)
Start importing Assets/Pallete/Tiles/ForestTileMap_31.asset using Guid(4363e9e2558ec264b9ac49126fc41987) Importer(815301076,1909f56bfc062723c751e8b465ee728b)  -> (artifact id: '62185635f80620474782e7716b7b6cf3') in 0.024605 seconds
Number of updated asset objects reloaded before import = 0
Number of asset objects unloaded after import = 3
========================================================================
Received Import Request.
  Time since last request: 0.000020 seconds.
  path: Assets/Pallete/Tiles/ForestTileMap_46.asset
  artifactKey: Guid(10528bcd0df8e9c4fbd7c089687b2cd6) Importer(815301076,1909f56bfc062723c751e8b465ee728b)
Start importing Assets/Pallete/Tiles/ForestTileMap_46.asset using Guid(10528bcd0df8e9c4fbd7c089687b2cd6) Importer(815301076,1909f56bfc062723c751e8b465ee728b)  -> (artifact id: 'a18f676cee94e7e422a81d80cace1043') in 0.020304 seconds
Number of updated asset objects reloaded before import = 0
Number of asset objects unloaded after import = 3
========================================================================
Received Import Request.
  Time since last request: 0.000025 seconds.
  path: Assets/Pallete/Tiles/ForestTileMap_12.asset
  artifactKey: Guid(3bd5fc69863c15741bbd9a04ef35c356) Importer(815301076,1909f56bfc062723c751e8b465ee728b)
Start importing Assets/Pallete/Tiles/ForestTileMap_12.asset using Guid(3bd5fc69863c15741bbd9a04ef35c356) Importer(815301076,1909f56bfc062723c751e8b465ee728b)  -> (artifact id: '2f418c54c58def3dd1ff08a1c17794c7') in 0.022468 seconds
Number of updated asset objects reloaded before import = 0
Number of asset objects unloaded after import = 3
========================================================================
Received Import Request.
  Time since last request: 0.000019 seconds.
  path: Assets/Pallete/Tiles/ForestTileMap_37.asset
  artifactKey: Guid(0e08c113e4b039d458968ddc5cf69a16) Importer(815301076,1909f56bfc062723c751e8b465ee728b)
Start importing Assets/Pallete/Tiles/ForestTileMap_37.asset using Guid(0e08c113e4b039d458968ddc5cf69a16) Importer(815301076,1909f56bfc062723c751e8b465ee728b)  -> (artifact id: 'ed851d44ff9cfe5b6d591b204f2a6b14') in 0.026041 seconds
Number of updated asset objects reloaded before import = 0
Number of asset objects unloaded after import = 3
========================================================================
Received Import Request.
  Time since last request: 0.000026 seconds.
  path: Assets/Pallete/Tiles/ForestTileMap_36.asset
  artifactKey: Guid(ec11a36887411944ba4e9e97baf038be) Importer(815301076,1909f56bfc062723c751e8b465ee728b)
Start importing Assets/Pallete/Tiles/ForestTileMap_36.asset using Guid(ec11a36887411944ba4e9e97baf038be) Importer(815301076,1909f56bfc062723c751e8b465ee728b)  -> (artifact id: 'e07387fb82a56986468275173d8d4d2b') in 0.025141 seconds
Number of updated asset objects reloaded before import = 0
Number of asset objects unloaded after import = 3
========================================================================
Received Import Request.
  Time since last request: 0.000025 seconds.
  path: Assets/Pallete/Tiles/ForestTileMap_24.asset
  artifactKey: Guid(f6cf07854a541894a9b158f937244901) Importer(815301076,1909f56bfc062723c751e8b465ee728b)
Start importing Assets/Pallete/Tiles/ForestTileMap_24.asset using Guid(f6cf07854a541894a9b158f937244901) Importer(815301076,1909f56bfc062723c751e8b465ee728b)  -> (artifact id: '6ad712a5bceda3a6f1c5daeb6912ab4e') in 0.025678 seconds
Number of updated asset objects reloaded before import = 0
Number of asset objects unloaded after import = 3
========================================================================
Received Import Request.
  Time since last request: 0.000024 seconds.
  path: Assets/Pallete/Tiles/ForestTileMap_25.asset
  artifactKey: Guid(9106e54f9efb59a4eb354ed9317b49c3) Importer(815301076,1909f56bfc062723c751e8b465ee728b)
Start importing Assets/Pallete/Tiles/ForestTileMap_25.asset using Guid(9106e54f9efb59a4eb354ed9317b49c3) Importer(815301076,1909f56bfc062723c751e8b465ee728b)  -> (artifact id: '934a77de5daa9eda5d81910dab48c568') in 0.023496 seconds
Number of updated asset objects reloaded before import = 0
Number of asset objects unloaded after import = 3
========================================================================
Received Import Request.
  Time since last request: 0.000030 seconds.
  path: Assets/Pallete/Tiles/ForestTileMap_8.asset
  artifactKey: Guid(6b4657231085eda498c1452c57d85dbc) Importer(815301076,1909f56bfc062723c751e8b465ee728b)
Start importing Assets/Pallete/Tiles/ForestTileMap_8.asset using Guid(6b4657231085eda498c1452c57d85dbc) Importer(815301076,1909f56bfc062723c751e8b465ee728b)  -> (artifact id: '63cdce2845264c970c38a8fea6a206b5') in 0.092535 seconds
Number of updated asset objects reloaded before import = 0
Number of asset objects unloaded after import = 3
========================================================================
Received Import Request.
  Time since last request: 0.000027 seconds.
  path: Assets/Pallete/Tiles/ForestTileMap_9.asset
  artifactKey: Guid(7fe0bf7481749bf499d22fa6f90a35b7) Importer(815301076,1909f56bfc062723c751e8b465ee728b)
Start importing Assets/Pallete/Tiles/ForestTileMap_9.asset using Guid(7fe0bf7481749bf499d22fa6f90a35b7) Importer(815301076,1909f56bfc062723c751e8b465ee728b)  -> (artifact id: '190dd1f5437a7fd10300f205a757e81c') in 0.024050 seconds
Number of updated asset objects reloaded before import = 0
Number of asset objects unloaded after import = 3
========================================================================
Received Import Request.
  Time since last request: 0.000053 seconds.
  path: Assets/Pallete/Tiles/ForestTileMap_29.asset
  artifactKey: Guid(0b488bf810cb4854993d9f022329b3f0) Importer(815301076,1909f56bfc062723c751e8b465ee728b)
Start importing Assets/Pallete/Tiles/ForestTileMap_29.asset using Guid(0b488bf810cb4854993d9f022329b3f0) Importer(815301076,1909f56bfc062723c751e8b465ee728b)  -> (artifact id: '7bb647c33ccda63a69212748d92793dc') in 0.023458 seconds
Number of updated asset objects reloaded before import = 0
Number of asset objects unloaded after import = 3
========================================================================
Received Import Request.
  Time since last request: 0.000027 seconds.
  path: Assets/Pallete/Tiles/ForestTileMap_32.asset
  artifactKey: Guid(f02400e8a63e6e7409cf1b2651d350d8) Importer(815301076,1909f56bfc062723c751e8b465ee728b)
Start importing Assets/Pallete/Tiles/ForestTileMap_32.asset using Guid(f02400e8a63e6e7409cf1b2651d350d8) Importer(815301076,1909f56bfc062723c751e8b465ee728b)  -> (artifact id: 'd6a1371bb9d130ea152f46d0ca8ee047') in 0.021888 seconds
Number of updated asset objects reloaded before import = 0
Number of asset objects unloaded after import = 3
========================================================================
Received Import Request.
  Time since last request: 0.000030 seconds.
  path: Assets/Pallete/Tiles/ForestTileMap_28.asset
  artifactKey: Guid(4ba2950a35a1ddf4c8bdc2e08ebeb389) Importer(815301076,1909f56bfc062723c751e8b465ee728b)
Start importing Assets/Pallete/Tiles/ForestTileMap_28.asset using Guid(4ba2950a35a1ddf4c8bdc2e08ebeb389) Importer(815301076,1909f56bfc062723c751e8b465ee728b)  -> (artifact id: '911d93e8c21edb56ecd14f7788836f35') in 0.025574 seconds
Number of updated asset objects reloaded before import = 0
Number of asset objects unloaded after import = 3
Editor requested this worker to shutdown with reason: Scaling down because of idle timeout
TcpMessagingSession - receive error: operation aborted. errorcode: 995, details: ќпераци€ ввода/вывода была прервана из-за завершени€ потока команд или по запросу приложени€.
AssetImportWorker is now disconnected from the server
Process exiting
Exiting without the bug reporter. Application will terminate with return code 0